# JRE version: OpenJDK Runtime Environment (21.0.6) (build 21.0.6+-13368085-b895.109)
# Java VM: OpenJDK 64-Bit Server VM (21.0.6+-13368085-b895.109, mixed mode, tiered, compressed oops, compressed class ptrs, serial gc, windows-amd64)
GC Precious Log:
 CardTable entry size: 512
 CPUs: 16 total, 16 available
 Memory: 32405M
 Large Page Support: Disabled
 NUMA Support: Disabled
 Compressed Oops: Enabled (32-bit)
 Heap Min Capacity: 128M
 Heap Initial Capacity: 128M
 Heap Max Capacity: 384M
 Pre-touch: Disabled
Heap:
 def new generation   total 39488K, used 34153K [0x00000000e8000000, 0x00000000eaad0000, 0x00000000f0000000)
  eden space 35136K,  85% used [0x00000000e8000000, 0x00000000e9d4a4a0, 0x00000000ea250000)
  from space 4352K,  95% used [0x00000000ea690000, 0x00000000eaaa01f8, 0x00000000eaad0000)
  to   space 4352K,   0% used [0x00000000ea250000, 0x00000000ea250000, 0x00000000ea690000)
 tenured generation   total 87424K, used 21934K [0x00000000f0000000, 0x00000000f5560000, 0x0000000100000000)
   the space 87424K,  25% used [0x00000000f0000000, 0x00000000f156ba48, 0x00000000f156bc00, 0x00000000f5560000)
 Metaspace       used 45824K, committed 46912K, reserved 180224K
  class space    used 6139K, committed 6656K, reserved 114688K
GC Heap History (14 events):
Event: 0.890 GC heap before
{Heap before GC invocations=0 (full 0):
 def new generation   total 39296K, used 34944K [0x00000000e8000000, 0x00000000eaaa0000, 0x00000000f0000000)
  eden space 34944K, 100% used [0x00000000e8000000, 0x00000000ea220000, 0x00000000ea220000)
  from space 4352K,   0% used [0x00000000ea220000, 0x00000000ea220000, 0x00000000ea660000)
  to   space 4352K,   0% used [0x00000000ea660000, 0x00000000ea660000, 0x00000000eaaa0000)
 tenured generation   total 87424K, used 0K [0x00000000f0000000, 0x00000000f5560000, 0x0000000100000000)
   the space 87424K,   0% used [0x00000000f0000000, 0x00000000f0000000, 0x00000000f0000200, 0x00000000f5560000)
 Metaspace       used 11586K, committed 11776K, reserved 180224K
  class space    used 1201K, committed 1280K, reserved 114688K
}
Event: 0.902 GC heap after
{Heap after GC invocations=1 (full 0):
 def new generation   total 39296K, used 4352K [0x00000000e8000000, 0x00000000eaaa0000, 0x00000000f0000000)
  eden space 34944K,   0% used [0x00000000e8000000, 0x00000000e8000000, 0x00000000ea220000)
  from space 4352K, 100% used [0x00000000ea660000, 0x00000000eaaa0000, 0x00000000eaaa0000)
  to   space 4352K,   0% used [0x00000000ea220000, 0x00000000ea220000, 0x00000000ea660000)
 tenured generation   total 87424K, used 4840K [0x00000000f0000000, 0x00000000f5560000, 0x0000000100000000)
   the space 87424K,   5% used [0x00000000f0000000, 0x00000000f04ba3d8, 0x00000000f04ba400, 0x00000000f5560000)
 Metaspace       used 11586K, committed 11776K, reserved 180224K
  class space    used 1201K, committed 1280K, reserved 114688K
}
Event: 1.283 GC heap before
{Heap before GC invocations=1 (full 0):
 def new generation   total 39296K, used 39296K [0x00000000e8000000, 0x00000000eaaa0000, 0x00000000f0000000)
  eden space 34944K, 100% used [0x00000000e8000000, 0x00000000ea220000, 0x00000000ea220000)
  from space 4352K, 100% used [0x00000000ea660000, 0x00000000eaaa0000, 0x00000000eaaa0000)
  to   space 4352K,   0% used [0x00000000ea220000, 0x00000000ea220000, 0x00000000ea660000)
 tenured generation   total 87424K, used 4840K [0x00000000f0000000, 0x00000000f5560000, 0x0000000100000000)
   the space 87424K,   5% used [0x00000000f0000000, 0x00000000f04ba3d8, 0x00000000f04ba400, 0x00000000f5560000)
 Metaspace       used 14743K, committed 15040K, reserved 180224K
  class space    used 1602K, committed 1728K, reserved 114688K
}
Event: 1.297 GC heap after
{Heap after GC invocations=2 (full 0):
 def new generation   total 39296K, used 4352K [0x00000000e8000000, 0x00000000eaaa0000, 0x00000000f0000000)
  eden space 34944K,   0% used [0x00000000e8000000, 0x00000000e8000000, 0x00000000ea220000)
  from space 4352K, 100% used [0x00000000ea220000, 0x00000000ea660000, 0x00000000ea660000)
  to   space 4352K,   0% used [0x00000000ea660000, 0x00000000ea660000, 0x00000000eaaa0000)
 tenured generation   total 87424K, used 10286K [0x00000000f0000000, 0x00000000f5560000, 0x0000000100000000)
   the space 87424K,  11% used [0x00000000f0000000, 0x00000000f0a0b9e0, 0x00000000f0a0ba00, 0x00000000f5560000)
 Metaspace       used 14743K, committed 15040K, reserved 180224K
  class space    used 1602K, committed 1728K, reserved 114688K
}
Event: 1.826 GC heap before
{Heap before GC invocations=2 (full 0):
 def new generation   total 39296K, used 25852K [0x00000000e8000000, 0x00000000eaaa0000, 0x00000000f0000000)
  eden space 34944K,  61% used [0x00000000e8000000, 0x00000000e94ff2c8, 0x00000000ea220000)
  from space 4352K, 100% used [0x00000000ea220000, 0x00000000ea660000, 0x00000000ea660000)
  to   space 4352K,   0% used [0x00000000ea660000, 0x00000000ea660000, 0x00000000eaaa0000)
 tenured generation   total 87424K, used 10286K [0x00000000f0000000, 0x00000000f5560000, 0x0000000100000000)
   the space 87424K,  11% used [0x00000000f0000000, 0x00000000f0a0b9e0, 0x00000000f0a0ba00, 0x00000000f5560000)
 Metaspace       used 21217K, committed 21504K, reserved 180224K
  class space    used 2453K, committed 2624K, reserved 114688K
}
Event: 1.863 GC heap after
{Heap after GC invocations=3 (full 1):
 def new generation   total 39488K, used 0K [0x00000000e8000000, 0x00000000eaad0000, 0x00000000f0000000)
  eden space 35136K,   0% used [0x00000000e8000000, 0x00000000e8000000, 0x00000000ea250000)
  from space 4352K,   0% used [0x00000000ea250000, 0x00000000ea250000, 0x00000000ea690000)
  to   space 4352K,   0% used [0x00000000ea690000, 0x00000000ea690000, 0x00000000eaad0000)
 tenured generation   total 87424K, used 17006K [0x00000000f0000000, 0x00000000f5560000, 0x0000000100000000)
   the space 87424K,  19% used [0x00000000f0000000, 0x00000000f109bbb0, 0x00000000f109bc00, 0x00000000f5560000)
 Metaspace       used 21217K, committed 21504K, reserved 180224K
  class space    used 2453K, committed 2624K, reserved 114688K
}
Event: 2.478 GC heap before
{Heap before GC invocations=3 (full 1):
 def new generation   total 39488K, used 35136K [0x00000000e8000000, 0x00000000eaad0000, 0x00000000f0000000)
  eden space 35136K, 100% used [0x00000000e8000000, 0x00000000ea250000, 0x00000000ea250000)
  from space 4352K,   0% used [0x00000000ea250000, 0x00000000ea250000, 0x00000000ea690000)
  to   space 4352K,   0% used [0x00000000ea690000, 0x00000000ea690000, 0x00000000eaad0000)
 tenured generation   total 87424K, used 17006K [0x00000000f0000000, 0x00000000f5560000, 0x0000000100000000)
   the space 87424K,  19% used [0x00000000f0000000, 0x00000000f109bbb0, 0x00000000f109bc00, 0x00000000f5560000)
 Metaspace       used 27869K, committed 28352K, reserved 180224K
  class space    used 3507K, committed 3712K, reserved 114688K
}
Event: 2.487 GC heap after
{Heap after GC invocations=4 (full 1):
 def new generation   total 39488K, used 2232K [0x00000000e8000000, 0x00000000eaad0000, 0x00000000f0000000)
  eden space 35136K,   0% used [0x00000000e8000000, 0x00000000e8000000, 0x00000000ea250000)
  from space 4352K,  51% used [0x00000000ea690000, 0x00000000ea8be110, 0x00000000eaad0000)
  to   space 4352K,   0% used [0x00000000ea250000, 0x00000000ea250000, 0x00000000ea690000)
 tenured generation   total 87424K, used 17006K [0x00000000f0000000, 0x00000000f5560000, 0x0000000100000000)
   the space 87424K,  19% used [0x00000000f0000000, 0x00000000f109bbb0, 0x00000000f109bc00, 0x00000000f5560000)
 Metaspace       used 27869K, committed 28352K, reserved 180224K
  class space    used 3507K, committed 3712K, reserved 114688K
}
Event: 3.110 GC heap before
{Heap before GC invocations=4 (full 1):
 def new generation   total 39488K, used 37368K [0x00000000e8000000, 0x00000000eaad0000, 0x00000000f0000000)
  eden space 35136K, 100% used [0x00000000e8000000, 0x00000000ea250000, 0x00000000ea250000)
  from space 4352K,  51% used [0x00000000ea690000, 0x00000000ea8be110, 0x00000000eaad0000)
  to   space 4352K,   0% used [0x00000000ea250000, 0x00000000ea250000, 0x00000000ea690000)
 tenured generation   total 87424K, used 17006K [0x00000000f0000000, 0x00000000f5560000, 0x0000000100000000)
   the space 87424K,  19% used [0x00000000f0000000, 0x00000000f109bbb0, 0x00000000f109bc00, 0x00000000f5560000)
 Metaspace       used 33454K, committed 34304K, reserved 180224K
  class space    used 4475K, committed 4928K, reserved 114688K
}
Event: 3.124 GC heap after
{Heap after GC invocations=5 (full 1):
 def new generation   total 39488K, used 2192K [0x00000000e8000000, 0x00000000eaad0000, 0x00000000f0000000)
  eden space 35136K,   0% used [0x00000000e8000000, 0x00000000e8000000, 0x00000000ea250000)
  from space 4352K,  50% used [0x00000000ea250000, 0x00000000ea474270, 0x00000000ea690000)
  to   space 4352K,   0% used [0x00000000ea690000, 0x00000000ea690000, 0x00000000eaad0000)
 tenured generation   total 87424K, used 19196K [0x00000000f0000000, 0x00000000f5560000, 0x0000000100000000)
   the space 87424K,  21% used [0x00000000f0000000, 0x00000000f12bf308, 0x00000000f12bf400, 0x00000000f5560000)
 Metaspace       used 33454K, committed 34304K, reserved 180224K
  class space    used 4475K, committed 4928K, reserved 114688K
}
Event: 3.251 GC heap before
{Heap before GC invocations=5 (full 1):
 def new generation   total 39488K, used 13173K [0x00000000e8000000, 0x00000000eaad0000, 0x00000000f0000000)
  eden space 35136K,  31% used [0x00000000e8000000, 0x00000000e8ab9438, 0x00000000ea250000)
  from space 4352K,  50% used [0x00000000ea250000, 0x00000000ea474270, 0x00000000ea690000)
  to   space 4352K,   0% used [0x00000000ea690000, 0x00000000ea690000, 0x00000000eaad0000)
 tenured generation   total 87424K, used 19196K [0x00000000f0000000, 0x00000000f5560000, 0x0000000100000000)
   the space 87424K,  21% used [0x00000000f0000000, 0x00000000f12bf308, 0x00000000f12bf400, 0x00000000f5560000)
 Metaspace       used 34937K, committed 35840K, reserved 180224K
  class space    used 4725K, committed 5184K, reserved 114688K
}
Event: 3.294 GC heap after
{Heap after GC invocations=6 (full 2):
 def new generation   total 39488K, used 0K [0x00000000e8000000, 0x00000000eaad0000, 0x00000000f0000000)
  eden space 35136K,   0% used [0x00000000e8000000, 0x00000000e8000000, 0x00000000ea250000)
  from space 4352K,   0% used [0x00000000ea250000, 0x00000000ea250000, 0x00000000ea690000)
  to   space 4352K,   0% used [0x00000000ea690000, 0x00000000ea690000, 0x00000000eaad0000)
 tenured generation   total 87424K, used 21934K [0x00000000f0000000, 0x00000000f5560000, 0x0000000100000000)
   the space 87424K,  25% used [0x00000000f0000000, 0x00000000f156ba48, 0x00000000f156bc00, 0x00000000f5560000)
 Metaspace       used 34937K, committed 35840K, reserved 180224K
  class space    used 4725K, committed 5184K, reserved 114688K
}
Event: 3.741 GC heap before
{Heap before GC invocations=6 (full 2):
 def new generation   total 39488K, used 35136K [0x00000000e8000000, 0x00000000eaad0000, 0x00000000f0000000)
  eden space 35136K, 100% used [0x00000000e8000000, 0x00000000ea250000, 0x00000000ea250000)
  from space 4352K,   0% used [0x00000000ea250000, 0x00000000ea250000, 0x00000000ea690000)
  to   space 4352K,   0% used [0x00000000ea690000, 0x00000000ea690000, 0x00000000eaad0000)
 tenured generation   total 87424K, used 21934K [0x00000000f0000000, 0x00000000f5560000, 0x0000000100000000)
   the space 87424K,  25% used [0x00000000f0000000, 0x00000000f156ba48, 0x00000000f156bc00, 0x00000000f5560000)
 Metaspace       used 42317K, committed 43392K, reserved 180224K
  class space    used 5567K, committed 6080K, reserved 114688K
}
Event: 3.751 GC heap after
{Heap after GC invocations=7 (full 2):
 def new generation   total 39488K, used 4160K [0x00000000e8000000, 0x00000000eaad0000, 0x00000000f0000000)
  eden space 35136K,   0% used [0x00000000e8000000, 0x00000000e8000000, 0x00000000ea250000)
  from space 4352K,  95% used [0x00000000ea690000, 0x00000000eaaa01f8, 0x00000000eaad0000)
  to   space 4352K,   0% used [0x00000000ea250000, 0x00000000ea250000, 0x00000000ea690000)
 tenured generation   total 87424K, used 21934K [0x00000000f0000000, 0x00000000f5560000, 0x0000000100000000)
   the space 87424K,  25% used [0x00000000f0000000, 0x00000000f156ba48, 0x00000000f156bc00, 0x00000000f5560000)
 Metaspace       used 42317K, committed 43392K, reserved 180224K
  class space    used 5567K, committed 6080K, reserved 114688K
}

