# JRE version: OpenJDK Runtime Environment (21.0.6) (build 21.0.6+-13368085-b895.109)
# Java VM: OpenJDK 64-Bit Server VM (21.0.6+-13368085-b895.109, mixed mode, tiered, compressed oops, compressed class ptrs, g1 gc, windows-amd64)
GC Precious Log:
 CardTable entry size: 512
 Card Set container configuration: InlinePtr #cards 5 size 8 Array Of Cards #cards 12 size 40 Howl #buckets 4 coarsen threshold 1843 Howl Bitmap #cards 512 size 80 coarsen threshold 460 Card regions per heap region 1 cards per card region 2048
 CPUs: 16 total, 16 available
 Memory: 32405M
 Large Page Support: Disabled
 NUMA Support: Disabled
 Compressed Oops: Enabled (32-bit)
 Heap Region Size: 1M
 Heap Min Capacity: 8M
 Heap Initial Capacity: 508M
 Heap Max Capacity: 2G
 Pre-touch: Disabled
 Parallel Workers: 13
 Concurrent Workers: 3
 Concurrent Refinement Workers: 13
 Periodic GC: Disabled
Heap:
 garbage-first heap   total 215040K, used 146819K [0x0000000080000000, 0x0000000100000000)
  region size 1024K, 9 young (9216K), 6 survivors (6144K)
 Metaspace       used 121830K, committed 123968K, reserved 1179648K
  class space    used 16088K, committed 17152K, reserved 1048576K
GC Heap History (20 events):
Event: 20.318 GC heap before
{Heap before GC invocations=39 (full 0):
 garbage-first heap   total 176128K, used 141497K [0x0000000080000000, 0x0000000100000000)
  region size 1024K, 44 young (45056K), 7 survivors (7168K)
 Metaspace       used 104214K, committed 106176K, reserved 1179648K
  class space    used 13920K, committed 14912K, reserved 1048576K
}
Event: 20.322 GC heap after
{Heap after GC invocations=40 (full 0):
 garbage-first heap   total 176128K, used 105634K [0x0000000080000000, 0x0000000100000000)
  region size 1024K, 5 young (5120K), 5 survivors (5120K)
 Metaspace       used 104214K, committed 106176K, reserved 1179648K
  class space    used 13920K, committed 14912K, reserved 1048576K
}
Event: 20.999 GC heap before
{Heap before GC invocations=40 (full 0):
 garbage-first heap   total 176128K, used 164002K [0x0000000080000000, 0x0000000100000000)
  region size 1024K, 58 young (59392K), 5 survivors (5120K)
 Metaspace       used 109490K, committed 111488K, reserved 1179648K
  class space    used 14771K, committed 15744K, reserved 1048576K
}
Event: 21.005 GC heap after
{Heap after GC invocations=41 (full 0):
 garbage-first heap   total 178176K, used 110098K [0x0000000080000000, 0x0000000100000000)
  region size 1024K, 7 young (7168K), 7 survivors (7168K)
 Metaspace       used 109490K, committed 111488K, reserved 1179648K
  class space    used 14771K, committed 15744K, reserved 1048576K
}
Event: 21.468 GC heap before
{Heap before GC invocations=41 (full 0):
 garbage-first heap   total 178176K, used 159250K [0x0000000080000000, 0x0000000100000000)
  region size 1024K, 56 young (57344K), 7 survivors (7168K)
 Metaspace       used 110602K, committed 112576K, reserved 1179648K
  class space    used 14878K, committed 15872K, reserved 1048576K
}
Event: 21.473 GC heap after
{Heap after GC invocations=42 (full 0):
 garbage-first heap   total 178176K, used 114823K [0x0000000080000000, 0x0000000100000000)
  region size 1024K, 5 young (5120K), 5 survivors (5120K)
 Metaspace       used 110602K, committed 112576K, reserved 1179648K
  class space    used 14878K, committed 15872K, reserved 1048576K
}
Event: 22.123 GC heap before
{Heap before GC invocations=43 (full 0):
 garbage-first heap   total 193536K, used 161927K [0x0000000080000000, 0x0000000100000000)
  region size 1024K, 51 young (52224K), 5 survivors (5120K)
 Metaspace       used 113635K, committed 115712K, reserved 1179648K
  class space    used 15215K, committed 16256K, reserved 1048576K
}
Event: 22.127 GC heap after
{Heap after GC invocations=44 (full 0):
 garbage-first heap   total 193536K, used 119320K [0x0000000080000000, 0x0000000100000000)
  region size 1024K, 5 young (5120K), 5 survivors (5120K)
 Metaspace       used 113635K, committed 115712K, reserved 1179648K
  class space    used 15215K, committed 16256K, reserved 1048576K
}
Event: 23.656 GC heap before
{Heap before GC invocations=44 (full 0):
 garbage-first heap   total 193536K, used 176664K [0x0000000080000000, 0x0000000100000000)
  region size 1024K, 62 young (63488K), 5 survivors (5120K)
 Metaspace       used 114624K, committed 116736K, reserved 1179648K
  class space    used 15316K, committed 16384K, reserved 1048576K
}
Event: 23.660 GC heap after
{Heap after GC invocations=45 (full 0):
 garbage-first heap   total 193536K, used 123467K [0x0000000080000000, 0x0000000100000000)
  region size 1024K, 6 young (6144K), 6 survivors (6144K)
 Metaspace       used 114624K, committed 116736K, reserved 1179648K
  class space    used 15316K, committed 16384K, reserved 1048576K
}
Event: 65.066 GC heap before
{Heap before GC invocations=45 (full 0):
 garbage-first heap   total 193536K, used 174667K [0x0000000080000000, 0x0000000100000000)
  region size 1024K, 57 young (58368K), 6 survivors (6144K)
 Metaspace       used 116653K, committed 118720K, reserved 1179648K
  class space    used 15554K, committed 16576K, reserved 1048576K
}
Event: 65.070 GC heap after
{Heap after GC invocations=46 (full 0):
 garbage-first heap   total 193536K, used 125610K [0x0000000080000000, 0x0000000100000000)
  region size 1024K, 4 young (4096K), 4 survivors (4096K)
 Metaspace       used 116653K, committed 118720K, reserved 1179648K
  class space    used 15554K, committed 16576K, reserved 1048576K
}
Event: 66.696 GC heap before
{Heap before GC invocations=46 (full 0):
 garbage-first heap   total 193536K, used 176810K [0x0000000080000000, 0x0000000100000000)
  region size 1024K, 55 young (56320K), 4 survivors (4096K)
 Metaspace       used 120650K, committed 122752K, reserved 1179648K
  class space    used 16076K, committed 17088K, reserved 1048576K
}
Event: 66.699 GC heap after
{Heap after GC invocations=47 (full 0):
 garbage-first heap   total 193536K, used 127645K [0x0000000080000000, 0x0000000100000000)
  region size 1024K, 6 young (6144K), 6 survivors (6144K)
 Metaspace       used 120650K, committed 122752K, reserved 1179648K
  class space    used 16076K, committed 17088K, reserved 1048576K
}
Event: 126.740 GC heap before
{Heap before GC invocations=48 (full 0):
 garbage-first heap   total 215040K, used 174749K [0x0000000080000000, 0x0000000100000000)
  region size 1024K, 52 young (53248K), 6 survivors (6144K)
 Metaspace       used 121096K, committed 123200K, reserved 1179648K
  class space    used 16079K, committed 17152K, reserved 1048576K
}
Event: 126.748 GC heap after
{Heap after GC invocations=49 (full 0):
 garbage-first heap   total 215040K, used 135868K [0x0000000080000000, 0x0000000100000000)
  region size 1024K, 7 young (7168K), 7 survivors (7168K)
 Metaspace       used 121096K, committed 123200K, reserved 1179648K
  class space    used 16079K, committed 17152K, reserved 1048576K
}
Event: 128.290 GC heap before
{Heap before GC invocations=49 (full 0):
 garbage-first heap   total 215040K, used 193212K [0x0000000080000000, 0x0000000100000000)
  region size 1024K, 64 young (65536K), 7 survivors (7168K)
 Metaspace       used 121529K, committed 123648K, reserved 1179648K
  class space    used 16083K, committed 17152K, reserved 1048576K
}
Event: 128.298 GC heap after
{Heap after GC invocations=50 (full 0):
 garbage-first heap   total 215040K, used 141055K [0x0000000080000000, 0x0000000100000000)
  region size 1024K, 8 young (8192K), 8 survivors (8192K)
 Metaspace       used 121529K, committed 123648K, reserved 1179648K
  class space    used 16083K, committed 17152K, reserved 1048576K
}
Event: 398.464 GC heap before
{Heap before GC invocations=50 (full 0):
 garbage-first heap   total 215040K, used 194303K [0x0000000080000000, 0x0000000100000000)
  region size 1024K, 61 young (62464K), 8 survivors (8192K)
 Metaspace       used 121827K, committed 123968K, reserved 1179648K
  class space    used 16088K, committed 17152K, reserved 1048576K
}
Event: 398.470 GC heap after
{Heap after GC invocations=51 (full 0):
 garbage-first heap   total 215040K, used 144771K [0x0000000080000000, 0x0000000100000000)
  region size 1024K, 6 young (6144K), 6 survivors (6144K)
 Metaspace       used 121827K, committed 123968K, reserved 1179648K
  class space    used 16088K, committed 17152K, reserved 1048576K
}

