# JRE version: OpenJDK Runtime Environment (21.0.6) (build 21.0.6+-13368085-b895.109)
# Java VM: OpenJDK 64-Bit Server VM (21.0.6+-13368085-b895.109, mixed mode, tiered, compressed oops, compressed class ptrs, serial gc, windows-amd64)
GC Precious Log:
 CardTable entry size: 512
 CPUs: 16 total, 16 available
 Memory: 32405M
 Large Page Support: Disabled
 NUMA Support: Disabled
 Compressed Oops: Enabled (32-bit)
 Heap Min Capacity: 128M
 Heap Initial Capacity: 128M
 Heap Max Capacity: 384M
 Pre-touch: Disabled
Heap:
 def new generation   total 39488K, used 24128K [0x00000000e8000000, 0x00000000eaad0000, 0x00000000f0000000)
  eden space 35136K,  56% used [0x00000000e8000000, 0x00000000e9381240, 0x00000000ea250000)
  from space 4352K,  95% used [0x00000000ea690000, 0x00000000eaa9ee10, 0x00000000eaad0000)
  to   space 4352K,   0% used [0x00000000ea250000, 0x00000000ea250000, 0x00000000ea690000)
 tenured generation   total 87424K, used 21912K [0x00000000f0000000, 0x00000000f5560000, 0x0000000100000000)
   the space 87424K,  25% used [0x00000000f0000000, 0x00000000f1566228, 0x00000000f1566400, 0x00000000f5560000)
 Metaspace       used 44033K, committed 45120K, reserved 180224K
  class space    used 5884K, committed 6400K, reserved 114688K
GC Heap History (14 events):
Event: 0.766 GC heap before
{Heap before GC invocations=0 (full 0):
 def new generation   total 39296K, used 34944K [0x00000000e8000000, 0x00000000eaaa0000, 0x00000000f0000000)
  eden space 34944K, 100% used [0x00000000e8000000, 0x00000000ea220000, 0x00000000ea220000)
  from space 4352K,   0% used [0x00000000ea220000, 0x00000000ea220000, 0x00000000ea660000)
  to   space 4352K,   0% used [0x00000000ea660000, 0x00000000ea660000, 0x00000000eaaa0000)
 tenured generation   total 87424K, used 0K [0x00000000f0000000, 0x00000000f5560000, 0x0000000100000000)
   the space 87424K,   0% used [0x00000000f0000000, 0x00000000f0000000, 0x00000000f0000200, 0x00000000f5560000)
 Metaspace       used 11582K, committed 11776K, reserved 180224K
  class space    used 1201K, committed 1280K, reserved 114688K
}
Event: 0.802 GC heap after
{Heap after GC invocations=1 (full 0):
 def new generation   total 39296K, used 4352K [0x00000000e8000000, 0x00000000eaaa0000, 0x00000000f0000000)
  eden space 34944K,   0% used [0x00000000e8000000, 0x00000000e8000000, 0x00000000ea220000)
  from space 4352K, 100% used [0x00000000ea660000, 0x00000000eaaa0000, 0x00000000eaaa0000)
  to   space 4352K,   0% used [0x00000000ea220000, 0x00000000ea220000, 0x00000000ea660000)
 tenured generation   total 87424K, used 4843K [0x00000000f0000000, 0x00000000f5560000, 0x0000000100000000)
   the space 87424K,   5% used [0x00000000f0000000, 0x00000000f04bac88, 0x00000000f04bae00, 0x00000000f5560000)
 Metaspace       used 11582K, committed 11776K, reserved 180224K
  class space    used 1201K, committed 1280K, reserved 114688K
}
Event: 1.205 GC heap before
{Heap before GC invocations=1 (full 0):
 def new generation   total 39296K, used 39296K [0x00000000e8000000, 0x00000000eaaa0000, 0x00000000f0000000)
  eden space 34944K, 100% used [0x00000000e8000000, 0x00000000ea220000, 0x00000000ea220000)
  from space 4352K, 100% used [0x00000000ea660000, 0x00000000eaaa0000, 0x00000000eaaa0000)
  to   space 4352K,   0% used [0x00000000ea220000, 0x00000000ea220000, 0x00000000ea660000)
 tenured generation   total 87424K, used 4843K [0x00000000f0000000, 0x00000000f5560000, 0x0000000100000000)
   the space 87424K,   5% used [0x00000000f0000000, 0x00000000f04bac88, 0x00000000f04bae00, 0x00000000f5560000)
 Metaspace       used 14743K, committed 15040K, reserved 180224K
  class space    used 1601K, committed 1728K, reserved 114688K
}
Event: 1.222 GC heap after
{Heap after GC invocations=2 (full 0):
 def new generation   total 39296K, used 4352K [0x00000000e8000000, 0x00000000eaaa0000, 0x00000000f0000000)
  eden space 34944K,   0% used [0x00000000e8000000, 0x00000000e8000000, 0x00000000ea220000)
  from space 4352K, 100% used [0x00000000ea220000, 0x00000000ea660000, 0x00000000ea660000)
  to   space 4352K,   0% used [0x00000000ea660000, 0x00000000ea660000, 0x00000000eaaa0000)
 tenured generation   total 87424K, used 10287K [0x00000000f0000000, 0x00000000f5560000, 0x0000000100000000)
   the space 87424K,  11% used [0x00000000f0000000, 0x00000000f0a0bd40, 0x00000000f0a0be00, 0x00000000f5560000)
 Metaspace       used 14743K, committed 15040K, reserved 180224K
  class space    used 1601K, committed 1728K, reserved 114688K
}
Event: 1.731 GC heap before
{Heap before GC invocations=2 (full 0):
 def new generation   total 39296K, used 25250K [0x00000000e8000000, 0x00000000eaaa0000, 0x00000000f0000000)
  eden space 34944K,  59% used [0x00000000e8000000, 0x00000000e9468848, 0x00000000ea220000)
  from space 4352K, 100% used [0x00000000ea220000, 0x00000000ea660000, 0x00000000ea660000)
  to   space 4352K,   0% used [0x00000000ea660000, 0x00000000ea660000, 0x00000000eaaa0000)
 tenured generation   total 87424K, used 10287K [0x00000000f0000000, 0x00000000f5560000, 0x0000000100000000)
   the space 87424K,  11% used [0x00000000f0000000, 0x00000000f0a0bd40, 0x00000000f0a0be00, 0x00000000f5560000)
 Metaspace       used 21185K, committed 21504K, reserved 180224K
  class space    used 2447K, committed 2624K, reserved 114688K
}
Event: 1.764 GC heap after
{Heap after GC invocations=3 (full 1):
 def new generation   total 39488K, used 0K [0x00000000e8000000, 0x00000000eaad0000, 0x00000000f0000000)
  eden space 35136K,   0% used [0x00000000e8000000, 0x00000000e8000000, 0x00000000ea250000)
  from space 4352K,   0% used [0x00000000ea250000, 0x00000000ea250000, 0x00000000ea690000)
  to   space 4352K,   0% used [0x00000000ea690000, 0x00000000ea690000, 0x00000000eaad0000)
 tenured generation   total 87424K, used 16999K [0x00000000f0000000, 0x00000000f5560000, 0x0000000100000000)
   the space 87424K,  19% used [0x00000000f0000000, 0x00000000f1099f00, 0x00000000f109a000, 0x00000000f5560000)
 Metaspace       used 21185K, committed 21504K, reserved 180224K
  class space    used 2447K, committed 2624K, reserved 114688K
}
Event: 2.401 GC heap before
{Heap before GC invocations=3 (full 1):
 def new generation   total 39488K, used 35136K [0x00000000e8000000, 0x00000000eaad0000, 0x00000000f0000000)
  eden space 35136K, 100% used [0x00000000e8000000, 0x00000000ea250000, 0x00000000ea250000)
  from space 4352K,   0% used [0x00000000ea250000, 0x00000000ea250000, 0x00000000ea690000)
  to   space 4352K,   0% used [0x00000000ea690000, 0x00000000ea690000, 0x00000000eaad0000)
 tenured generation   total 87424K, used 16999K [0x00000000f0000000, 0x00000000f5560000, 0x0000000100000000)
   the space 87424K,  19% used [0x00000000f0000000, 0x00000000f1099f00, 0x00000000f109a000, 0x00000000f5560000)
 Metaspace       used 27833K, committed 28352K, reserved 180224K
  class space    used 3500K, committed 3712K, reserved 114688K
}
Event: 2.413 GC heap after
{Heap after GC invocations=4 (full 1):
 def new generation   total 39488K, used 2220K [0x00000000e8000000, 0x00000000eaad0000, 0x00000000f0000000)
  eden space 35136K,   0% used [0x00000000e8000000, 0x00000000e8000000, 0x00000000ea250000)
  from space 4352K,  51% used [0x00000000ea690000, 0x00000000ea8bb330, 0x00000000eaad0000)
  to   space 4352K,   0% used [0x00000000ea250000, 0x00000000ea250000, 0x00000000ea690000)
 tenured generation   total 87424K, used 16999K [0x00000000f0000000, 0x00000000f5560000, 0x0000000100000000)
   the space 87424K,  19% used [0x00000000f0000000, 0x00000000f1099f00, 0x00000000f109a000, 0x00000000f5560000)
 Metaspace       used 27833K, committed 28352K, reserved 180224K
  class space    used 3500K, committed 3712K, reserved 114688K
}
Event: 3.129 GC heap before
{Heap before GC invocations=4 (full 1):
 def new generation   total 39488K, used 37356K [0x00000000e8000000, 0x00000000eaad0000, 0x00000000f0000000)
  eden space 35136K, 100% used [0x00000000e8000000, 0x00000000ea250000, 0x00000000ea250000)
  from space 4352K,  51% used [0x00000000ea690000, 0x00000000ea8bb330, 0x00000000eaad0000)
  to   space 4352K,   0% used [0x00000000ea250000, 0x00000000ea250000, 0x00000000ea690000)
 tenured generation   total 87424K, used 16999K [0x00000000f0000000, 0x00000000f5560000, 0x0000000100000000)
   the space 87424K,  19% used [0x00000000f0000000, 0x00000000f1099f00, 0x00000000f109a000, 0x00000000f5560000)
 Metaspace       used 33398K, committed 34240K, reserved 180224K
  class space    used 4462K, committed 4864K, reserved 114688K
}
Event: 3.144 GC heap after
{Heap after GC invocations=5 (full 1):
 def new generation   total 39488K, used 2174K [0x00000000e8000000, 0x00000000eaad0000, 0x00000000f0000000)
  eden space 35136K,   0% used [0x00000000e8000000, 0x00000000e8000000, 0x00000000ea250000)
  from space 4352K,  49% used [0x00000000ea250000, 0x00000000ea46f8c0, 0x00000000ea690000)
  to   space 4352K,   0% used [0x00000000ea690000, 0x00000000ea690000, 0x00000000eaad0000)
 tenured generation   total 87424K, used 19179K [0x00000000f0000000, 0x00000000f5560000, 0x0000000100000000)
   the space 87424K,  21% used [0x00000000f0000000, 0x00000000f12bae08, 0x00000000f12bb000, 0x00000000f5560000)
 Metaspace       used 33398K, committed 34240K, reserved 180224K
  class space    used 4462K, committed 4864K, reserved 114688K
}
Event: 3.315 GC heap before
{Heap before GC invocations=5 (full 1):
 def new generation   total 39488K, used 13650K [0x00000000e8000000, 0x00000000eaad0000, 0x00000000f0000000)
  eden space 35136K,  32% used [0x00000000e8000000, 0x00000000e8b34fc0, 0x00000000ea250000)
  from space 4352K,  49% used [0x00000000ea250000, 0x00000000ea46f8c0, 0x00000000ea690000)
  to   space 4352K,   0% used [0x00000000ea690000, 0x00000000ea690000, 0x00000000eaad0000)
 tenured generation   total 87424K, used 19179K [0x00000000f0000000, 0x00000000f5560000, 0x0000000100000000)
   the space 87424K,  21% used [0x00000000f0000000, 0x00000000f12bae08, 0x00000000f12bb000, 0x00000000f5560000)
 Metaspace       used 34914K, committed 35840K, reserved 180224K
  class space    used 4722K, committed 5184K, reserved 114688K
}
Event: 3.364 GC heap after
{Heap after GC invocations=6 (full 2):
 def new generation   total 39488K, used 0K [0x00000000e8000000, 0x00000000eaad0000, 0x00000000f0000000)
  eden space 35136K,   0% used [0x00000000e8000000, 0x00000000e8000000, 0x00000000ea250000)
  from space 4352K,   0% used [0x00000000ea250000, 0x00000000ea250000, 0x00000000ea690000)
  to   space 4352K,   0% used [0x00000000ea690000, 0x00000000ea690000, 0x00000000eaad0000)
 tenured generation   total 87424K, used 21912K [0x00000000f0000000, 0x00000000f5560000, 0x0000000100000000)
   the space 87424K,  25% used [0x00000000f0000000, 0x00000000f1566228, 0x00000000f1566400, 0x00000000f5560000)
 Metaspace       used 34914K, committed 35840K, reserved 180224K
  class space    used 4722K, committed 5184K, reserved 114688K
}
Event: 3.919 GC heap before
{Heap before GC invocations=6 (full 2):
 def new generation   total 39488K, used 35136K [0x00000000e8000000, 0x00000000eaad0000, 0x00000000f0000000)
  eden space 35136K, 100% used [0x00000000e8000000, 0x00000000ea250000, 0x00000000ea250000)
  from space 4352K,   0% used [0x00000000ea250000, 0x00000000ea250000, 0x00000000ea690000)
  to   space 4352K,   0% used [0x00000000ea690000, 0x00000000ea690000, 0x00000000eaad0000)
 tenured generation   total 87424K, used 21912K [0x00000000f0000000, 0x00000000f5560000, 0x0000000100000000)
   the space 87424K,  25% used [0x00000000f0000000, 0x00000000f1566228, 0x00000000f1566400, 0x00000000f5560000)
 Metaspace       used 42295K, committed 43392K, reserved 180224K
  class space    used 5563K, committed 6080K, reserved 114688K
}
Event: 3.928 GC heap after
{Heap after GC invocations=7 (full 2):
 def new generation   total 39488K, used 4155K [0x00000000e8000000, 0x00000000eaad0000, 0x00000000f0000000)
  eden space 35136K,   0% used [0x00000000e8000000, 0x00000000e8000000, 0x00000000ea250000)
  from space 4352K,  95% used [0x00000000ea690000, 0x00000000eaa9ee10, 0x00000000eaad0000)
  to   space 4352K,   0% used [0x00000000ea250000, 0x00000000ea250000, 0x00000000ea690000)
 tenured generation   total 87424K, used 21912K [0x00000000f0000000, 0x00000000f5560000, 0x0000000100000000)
   the space 87424K,  25% used [0x00000000f0000000, 0x00000000f1566228, 0x00000000f1566400, 0x00000000f5560000)
 Metaspace       used 42295K, committed 43392K, reserved 180224K
  class space    used 5563K, committed 6080K, reserved 114688K
}

